2020-07-19T22:08:36.168Z [grades-control-api] info: API Started
2020-07-19T22:28:07.673Z [grades-control-api] info: API Started
2020-07-19T22:28:16.300Z [grades-control-api] info: GET /account
2020-07-19T22:33:11.733Z [grades-control-api] info: API Started
2020-07-19T22:33:22.453Z [grades-control-api] info: GET /account
2020-07-19T22:34:22.075Z [grades-control-api] info: GET /account
2020-07-19T22:37:00.709Z [grades-control-api] info: API Started
2020-07-19T22:44:59.915Z [grades-control-api] info: API Started
2020-07-19T22:46:22.495Z [grades-control-api] info: GET /account
2020-07-19T22:48:45.694Z [grades-control-api] info: API Started
2020-07-19T22:49:02.790Z [grades-control-api] info: POST /grade - {"id":49,"student":"Victor Coelho","subject":"02 - Node","type":"Desafio","value":100}
2020-07-19T22:49:05.602Z [grades-control-api] info: API Started
2020-07-19T22:50:17.484Z [grades-control-api] info: API Started
2020-07-19T22:50:59.764Z [grades-control-api] info: POST /grade - {"id":50,"student":"Michele Souto","subject":"04 - MongoDB","type":"Desafio","value":70}
2020-07-19T22:51:03.976Z [grades-control-api] info: API Started
2020-07-19T22:51:47.594Z [grades-control-api] info: API Started
2020-07-19T22:53:12.352Z [grades-control-api] info: API Started
2020-07-19T22:53:29.061Z [grades-control-api] info: POST /grade - {"id":51,"student":"Gustavo Ravizzini","subject":"04 - MongoDB","type":"Trabalho Pratico","value":80}
2020-07-19T22:53:32.781Z [grades-control-api] info: API Started
2020-07-19T22:55:08.697Z [grades-control-api] info: API Started
2020-07-19T22:55:49.546Z [grades-control-api] info: POST /grade - {"id":52,"student":"Eduardo Neto","subject":"03 - React","type":"Trabalho Pratico","value":60}
2020-07-19T22:55:53.202Z [grades-control-api] info: API Started
2020-07-19T22:57:43.234Z [grades-control-api] info: API Started
2020-07-19T22:58:19.143Z [grades-control-api] info: API Started
2020-07-19T23:02:20.910Z [grades-control-api] info: API Started
2020-07-19T23:05:33.004Z [grades-control-api] info: API Started
2020-07-19T23:05:40.845Z [grades-control-api] info: POST /grade - {"id":53,"student":"Denise Ravizzini","subject":"03 - React","type":"Trabalho Pratico","value":70,"timestamp":"2020-07-19T23:05:40.652Z"}
2020-07-19T23:05:46.221Z [grades-control-api] info: API Started
2020-07-19T23:07:10.719Z [grades-control-api] info: API Started
2020-07-19T23:07:25.559Z [grades-control-api] info: POST /grade - {"id":54,"student":"Jonas Dark","subject":"03 - React","type":"Trabalho Pratico","value":50,"timestamp":"2020-07-19T23:07:25.487Z"}
2020-07-19T23:07:29.399Z [grades-control-api] info: API Started
2020-07-19T23:08:47.370Z [grades-control-api] info: API Started
2020-07-19T23:15:26.610Z [grades-control-api] info: API Started
2020-07-19T23:16:21.087Z [grades-control-api] info: API Started
2020-07-19T23:16:30.818Z [grades-control-api] info: API Started
2020-07-19T23:16:33.538Z [grades-control-api] info: DELETE /grade/:id - 49
2020-07-19T23:16:54.475Z [grades-control-api] info: DELETE /grade/:id - 50
2020-07-19T23:17:02.590Z [grades-control-api] info: DELETE /grade/:id - 51
2020-07-19T23:17:09.757Z [grades-control-api] info: DELETE /grade/:id - 52
2020-07-19T23:18:45.051Z [grades-control-api] info: API Started
2020-07-19T23:26:02.196Z [grades-control-api] info: API Started
2020-07-19T23:26:11.037Z [grades-control-api] info: API Started
2020-07-19T23:26:34.154Z [grades-control-api] info: API Started
2020-07-19T23:26:35.724Z [grades-control-api] info: PUT /grade - {"id":54,"student":"Jonas Dark","subject":"03 - React","type":"Desafio","value":100}
2020-07-19T23:27:22.183Z [grades-control-api] info: PUT /grade - {"id":7,"student":"Victor Coelho","subject":"02 - Node","type":"Desafio","value":50}
2020-07-19T23:28:56.822Z [grades-control-api] info: API Started
